{"level":"info","message":"user logs in successfully","timestamp":"2023-10-29T08:14:16.159Z"}
{"level":"error","message":"invalid email or password","timestamp":"2023-10-29T08:14:47.020Z"}
{"level":"error","message":"Wrong Password","timestamp":"2023-10-29T08:16:24.451Z"}
{"level":"info","message":"Logged in Successfully","timestamp":"2023-10-29T08:16:49.713Z"}
{"level":"error","message":"user Already exit","timestamp":"2023-10-29T08:46:15.819Z"}
{"level":"info","message":"user created successfully","timestamp":"2023-10-29T09:18:31.900Z"}
{"level":"error","message":"User Already exist","timestamp":"2023-10-29T09:23:54.863Z"}
{"level":"info","message":"user created successfully","timestamp":"2023-10-29T09:24:33.175Z"}
{"level":"info","message":"user logs in successfully","timestamp":"2023-10-29T09:24:45.097Z"}
{"level":"info","message":"user logs in successfully","timestamp":"2023-10-29T09:47:33.007Z"}
{"level":"info","message":"user logs in successfully","timestamp":"2023-10-29T11:52:22.046Z"}
{"level":"info","message":"blog created successfully","timestamp":"2023-10-29T11:53:26.901Z"}
{"level":"info","message":"updated successfully","timestamp":"2023-10-29T11:54:27.019Z"}
{"level":"info","message":"deleted successfully","timestamp":"2023-10-29T11:55:48.756Z"}
{"level":"info","message":"blog successfully retreived","timestamp":"2023-10-29T11:57:27.898Z"}
{"level":"info","message":"Successfully retrieved blogs.","timestamp":"2023-10-29T11:58:16.299Z"}
{"level":"info","message":"user created successfully","timestamp":"2023-10-29T12:05:19.570Z"}
{"level":"info","message":"user logs in successfully","timestamp":"2023-10-29T12:05:19.678Z"}
{"level":"info","message":"user logs in successfully","timestamp":"2023-10-29T12:05:19.711Z"}
{"level":"info","message":"blog created successfully","timestamp":"2023-10-29T12:05:19.728Z"}
{"level":"info","message":"blog created successfully","timestamp":"2023-10-29T12:05:19.745Z"}
{"level":"info","message":"user logs in successfully","timestamp":"2023-10-29T12:05:19.817Z"}
{"level":"info","message":"user logs in successfully","timestamp":"2023-10-29T12:05:19.947Z"}
{"level":"info","message":"user logs in successfully","timestamp":"2023-10-29T12:05:20.182Z"}
{"level":"info","message":"Successfully retrieved blogs.","timestamp":"2023-10-29T12:05:20.203Z"}
{"level":"info","message":"user logs in successfully","timestamp":"2023-10-29T12:05:20.385Z"}
{"level":"info","message":"updated successfully","timestamp":"2023-10-29T12:05:20.403Z"}
{"level":"info","message":"user logs in successfully","timestamp":"2023-10-29T12:05:20.575Z"}
{"level":"info","message":"deleted successfully","timestamp":"2023-10-29T12:05:20.592Z"}
{"level":"info","message":"user created successfully","timestamp":"2023-10-29T12:09:52.738Z"}
{"level":"info","message":"user logs in successfully","timestamp":"2023-10-29T12:09:52.810Z"}
{"level":"info","message":"blog created successfully","timestamp":"2023-10-29T12:09:52.833Z"}
{"level":"info","message":"user logs in successfully","timestamp":"2023-10-29T12:09:52.908Z"}
{"level":"info","message":"user logs in successfully","timestamp":"2023-10-29T12:09:52.984Z"}
{"level":"info","message":"user logs in successfully","timestamp":"2023-10-29T12:09:53.015Z"}
{"level":"info","message":"blog created successfully","timestamp":"2023-10-29T12:09:53.038Z"}
{"level":"info","message":"updated successfully","timestamp":"2023-10-29T12:09:53.062Z"}
{"level":"info","message":"user logs in successfully","timestamp":"2023-10-29T12:09:53.146Z"}
{"level":"info","message":"Successfully retrieved blogs.","timestamp":"2023-10-29T12:09:53.170Z"}
{"level":"info","message":"user logs in successfully","timestamp":"2023-10-29T12:09:53.314Z"}
{"level":"info","message":"updated successfully","timestamp":"2023-10-29T12:09:53.327Z"}
{"level":"info","message":"user logs in successfully","timestamp":"2023-10-29T12:09:53.466Z"}
{"level":"info","message":"deleted successfully","timestamp":"2023-10-29T12:09:53.474Z"}
{"level":"info","message":"user logs in successfully","timestamp":"2023-10-29T21:27:13.073Z"}
{"level":"info","message":"blog editted successfully","timestamp":"2023-10-29T21:31:01.240Z"}
{"level":"info","message":"blog editted successfully","timestamp":"2023-10-29T21:32:17.116Z"}
{"level":"info","message":"blog editted successfully","timestamp":"2023-10-29T21:33:20.579Z"}
{"level":"info","message":"blog editted successfully","timestamp":"2023-10-29T21:33:31.738Z"}
{"level":"info","message":"blog editted successfully","timestamp":"2023-10-29T21:34:34.480Z"}
{"level":"info","message":"blog editted successfully","timestamp":"2023-10-29T21:35:13.804Z"}
{"level":"info","message":"user created successfully","timestamp":"2023-10-29T21:47:04.596Z"}
{"level":"info","message":"user logs in successfully","timestamp":"2023-10-29T21:47:04.732Z"}
{"level":"info","message":"user logs in successfully","timestamp":"2023-10-29T21:47:04.746Z"}
{"level":"info","message":"blog created successfully","timestamp":"2023-10-29T21:47:04.770Z"}
{"level":"info","message":"blog created successfully","timestamp":"2023-10-29T21:47:04.778Z"}
{"level":"info","message":"updated successfully","timestamp":"2023-10-29T21:47:04.810Z"}
{"level":"info","message":"user logs in successfully","timestamp":"2023-10-29T21:47:04.821Z"}
{"level":"info","message":"user logs in successfully","timestamp":"2023-10-29T21:47:04.980Z"}
{"level":"info","message":"user logs in successfully","timestamp":"2023-10-29T21:47:05.187Z"}
{"level":"info","message":"Successfully retrieved blogs.","timestamp":"2023-10-29T21:47:05.210Z"}
{"level":"info","message":"user logs in successfully","timestamp":"2023-10-29T21:47:05.399Z"}
{"level":"info","message":"updated successfully","timestamp":"2023-10-29T21:47:05.417Z"}
{"level":"info","message":"user logs in successfully","timestamp":"2023-10-29T21:47:05.621Z"}
{"level":"info","message":"deleted successfully","timestamp":"2023-10-29T21:47:05.636Z"}
{"level":"info","message":"user logs in successfully","timestamp":"2023-10-29T21:47:05.843Z"}
{"level":"info","message":"blog created successfully","timestamp":"2023-10-29T21:47:05.868Z"}
{"level":"info","message":"blog editted successfully","timestamp":"2023-10-29T21:47:05.884Z"}
{"level":"info","message":"user created successfully","timestamp":"2023-10-29T21:48:40.549Z"}
{"level":"info","message":"user logs in successfully","timestamp":"2023-10-29T21:48:40.613Z"}
{"level":"info","message":"blog created successfully","timestamp":"2023-10-29T21:48:40.639Z"}
{"level":"info","message":"user logs in successfully","timestamp":"2023-10-29T21:48:40.656Z"}
{"level":"info","message":"updated successfully","timestamp":"2023-10-29T21:48:40.668Z"}
{"level":"info","message":"blog created successfully","timestamp":"2023-10-29T21:48:40.693Z"}
{"level":"info","message":"user logs in successfully","timestamp":"2023-10-29T21:48:40.785Z"}
{"level":"info","message":"user logs in successfully","timestamp":"2023-10-29T21:48:40.901Z"}
{"level":"info","message":"user logs in successfully","timestamp":"2023-10-29T21:48:41.096Z"}
{"level":"info","message":"Successfully retrieved blogs.","timestamp":"2023-10-29T21:48:41.121Z"}
{"level":"info","message":"user logs in successfully","timestamp":"2023-10-29T21:48:41.287Z"}
{"level":"info","message":"updated successfully","timestamp":"2023-10-29T21:48:41.303Z"}
{"level":"info","message":"user logs in successfully","timestamp":"2023-10-29T21:48:41.463Z"}
{"level":"info","message":"deleted successfully","timestamp":"2023-10-29T21:48:41.474Z"}
{"level":"info","message":"user logs in successfully","timestamp":"2023-10-29T21:48:41.629Z"}
{"level":"info","message":"blog created successfully","timestamp":"2023-10-29T21:48:41.641Z"}
{"level":"info","message":"blog editted successfully","timestamp":"2023-10-29T21:48:41.652Z"}
{"level":"info","message":"user created successfully","timestamp":"2023-10-29T21:50:30.238Z"}
{"level":"info","message":"user logs in successfully","timestamp":"2023-10-29T21:50:30.342Z"}
{"level":"info","message":"blog created successfully","timestamp":"2023-10-29T21:50:30.367Z"}
{"level":"info","message":"updated successfully","timestamp":"2023-10-29T21:50:30.393Z"}
{"level":"info","message":"user logs in successfully","timestamp":"2023-10-29T21:50:30.469Z"}
{"level":"info","message":"user logs in successfully","timestamp":"2023-10-29T21:50:30.716Z"}
{"level":"info","message":"blog created successfully","timestamp":"2023-10-29T21:50:30.744Z"}
{"level":"info","message":"blog editted successfully","timestamp":"2023-10-29T21:50:30.761Z"}
{"level":"info","message":"user created successfully","timestamp":"2023-10-29T21:52:05.661Z"}
{"level":"info","message":"user logs in successfully","timestamp":"2023-10-29T21:52:05.708Z"}
{"level":"info","message":"blog created successfully","timestamp":"2023-10-29T21:52:05.731Z"}
{"level":"info","message":"updated successfully","timestamp":"2023-10-29T21:52:05.751Z"}
{"level":"info","message":"user logs in successfully","timestamp":"2023-10-29T21:52:05.888Z"}
{"level":"info","message":"user logs in successfully","timestamp":"2023-10-29T21:52:06.003Z"}
{"level":"info","message":"blog created successfully","timestamp":"2023-10-29T21:52:06.038Z"}
{"level":"info","message":"blog editted successfully","timestamp":"2023-10-29T21:52:06.056Z"}
{"level":"info","message":"user created successfully","timestamp":"2023-10-29T21:53:14.538Z"}
{"level":"info","message":"user logs in successfully","timestamp":"2023-10-29T21:53:14.691Z"}
{"level":"info","message":"blog created successfully","timestamp":"2023-10-29T21:53:14.721Z"}
{"level":"info","message":"updated successfully","timestamp":"2023-10-29T21:53:14.743Z"}
{"level":"info","message":"user logs in successfully","timestamp":"2023-10-29T21:53:14.791Z"}
{"level":"info","message":"user logs in successfully","timestamp":"2023-10-29T21:53:14.988Z"}
{"level":"info","message":"blog created successfully","timestamp":"2023-10-29T21:53:15.018Z"}
{"level":"info","message":"user logs in successfully","timestamp":"2023-10-29T21:53:15.198Z"}
{"level":"info","message":"user logs in successfully","timestamp":"2023-10-29T21:53:15.371Z"}
{"level":"info","message":"Successfully retrieved blogs.","timestamp":"2023-10-29T21:53:15.389Z"}
{"level":"info","message":"user logs in successfully","timestamp":"2023-10-29T21:53:15.545Z"}
{"level":"info","message":"updated successfully","timestamp":"2023-10-29T21:53:15.560Z"}
{"level":"info","message":"user logs in successfully","timestamp":"2023-10-29T21:53:15.713Z"}
{"level":"info","message":"deleted successfully","timestamp":"2023-10-29T21:53:15.724Z"}
